TN:
SF:src/AppManifest.sol
DA:19,4
FN:19,AppManifest.CAPABILITY_HEALTH
FNDA:4,AppManifest.CAPABILITY_HEALTH
DA:20,4
DA:24,5
FN:24,AppManifest.CAPABILITY_MIGRATE
FNDA:5,AppManifest.CAPABILITY_MIGRATE
DA:25,5
DA:29,4
FN:29,AppManifest.CAPABILITY_EXPORT
FNDA:4,AppManifest.CAPABILITY_EXPORT
DA:30,4
DA:80,8744
FN:80,AppManifest.onlyDeveloper
FNDA:8744,AppManifest.onlyDeveloper
DA:81,8744
BRDA:81,0,0,3048
DA:85,356
FN:85,AppManifest.constructor
FNDA:356,AppManifest.constructor
DA:86,356
BRDA:86,1,0,0
DA:87,356
DA:94,356
BRDA:94,2,0,355
DA:95,355
DA:96,355
DA:106,2859
FN:106,AppManifest.setMintAuthorizer
FNDA:2859,AppManifest.setMintAuthorizer
DA:107,68
BRDA:107,3,0,0
DA:108,68
BRDA:108,4,0,1
DA:109,67
DA:110,67
DA:114,8744
FN:114,AppManifest.publishVersion
FNDA:8744,AppManifest.publishVersion
DA:123,5696
DA:124,2791
BRDA:124,5,0,2791
DA:125,2905
BRDA:125,6,0,0
DA:126,2905
BRDA:126,7,0,1
DA:130,2904
BRDA:130,8,0,1
DA:132,2903
BRDA:132,9,0,1
DA:134,2902
DA:135,2902
DA:146,2902
DA:152,5927
FN:152,AppManifest.setUpgradePrice
FNDA:5927,AppManifest.setUpgradePrice
DA:156,3136
BRDA:156,10,0,0
DA:157,3136
BRDA:157,11,0,1
DA:158,3135
DA:159,3135
DA:160,3135
DA:161,3135
DA:165,5434
FN:165,AppManifest.setBurnOnUpgrade
FNDA:5434,AppManifest.setBurnOnUpgrade
DA:166,2643
DA:167,2643
DA:171,5483
FN:171,AppManifest.setDowngradesAllowed
FNDA:5483,AppManifest.setDowngradesAllowed
DA:172,2692
DA:173,2692
DA:177,15344
FN:177,AppManifest.versionRecord
FNDA:15344,AppManifest.versionRecord
DA:178,15344
DA:179,15344
BRDA:179,12,0,2792
DA:180,12552
DA:184,1
FN:184,AppManifest.versionExists
FNDA:1,AppManifest.versionExists
DA:185,1
DA:189,34640
FN:189,AppManifest.versionIndex
FNDA:34640,AppManifest.versionIndex
DA:190,34640
DA:194,0
FN:194,AppManifest.versionCount
FNDA:0,AppManifest.versionCount
DA:195,0
DA:199,24640
FN:199,AppManifest.upgradePrice
FNDA:24640,AppManifest.upgradePrice
DA:204,24640
DA:205,24640
DA:209,6
FN:209,AppManifest.hasCapability
FNDA:6,AppManifest.hasCapability
DA:214,6
DA:215,6
BRDA:215,13,0,0
DA:216,6
DA:219,61959
FN:219,AppManifest._key
FNDA:61959,AppManifest._key
DA:220,61959
DA:223,27775
FN:223,AppManifest._transitionKey
FNDA:27775,AppManifest._transitionKey
DA:228,27775
FNF:18
FNH:17
LF:63
LH:61
BRF:14
BRH:9
end_of_record
TN:
SF:src/AppManifestFactory.sol
DA:46,265
FN:46,AppManifestFactory.deploy
FNDA:265,AppManifestFactory.deploy
DA:47,265
DA:48,265
DA:54,257
FN:54,AppManifestFactory.predictAddress
FNDA:257,AppManifestFactory.predictAddress
DA:59,257
DA:60,257
DA:61,257
DA:77,522
FN:77,AppManifestFactory._saltFor
FNDA:522,AppManifestFactory._saltFor
DA:78,522
FNF:3
FNH:3
LF:9
LH:9
BRF:0
BRH:0
end_of_record
TN:
SF:src/LicenseToken.sol
DA:174,775
FN:174,LicenseToken.versionIdFor
FNDA:775,LicenseToken.versionIdFor
DA:175,13070
DA:183,290
FN:183,LicenseToken.licenseIdFor
FNDA:290,LicenseToken.licenseIdFor
DA:188,12584
DA:192,1
FN:192,LicenseToken.mintedCount
FNDA:1,LicenseToken.mintedCount
DA:197,1
DA:219,45996
FN:219,LicenseToken.originOf
FNDA:45996,LicenseToken.originOf
DA:220,45996
DA:221,45996
BRDA:221,0,0,0
DA:222,45996
DA:234,2
FN:234,LicenseToken.uri
FNDA:2,LicenseToken.uri
DA:235,2
DA:236,2
BRDA:236,1,0,1
DA:237,1
DA:279,5526
FN:279,LicenseToken.bindInstance
FNDA:5526,LicenseToken.bindInstance
DA:280,5526
BRDA:280,2,0,1
DA:281,5525
BRDA:281,3,0,2
DA:282,2
DA:285,5523
DA:286,5523
BRDA:286,4,0,2792
DA:287,2792
DA:290,2731
DA:291,2731
DA:292,2731
DA:301,7
FN:301,LicenseToken.instanceOf
FNDA:7,LicenseToken.instanceOf
DA:302,7
DA:306,3
FN:306,LicenseToken.claimedBy
FNDA:3,LicenseToken.claimedBy
DA:307,3
DA:317,43823
FN:317,LicenseToken.hashMintAuthorization
FNDA:43823,LicenseToken.hashMintAuthorization
DA:318,64491
DA:340,1
FN:340,LicenseToken.nonceUsed
FNDA:1,LicenseToken.nonceUsed
DA:341,1
DA:350,23714
FN:350,LicenseToken.mint
FNDA:23714,LicenseToken.mint
DA:354,23714
BRDA:354,5,0,2792
DA:355,2792
DA:357,20922
DA:358,12547
DA:359,9756
DA:381,22902
FN:381,LicenseToken.upgrade
FNDA:22902,LicenseToken.upgrade
DA:385,22902
BRDA:385,6,0,2791
DA:386,2791
DA:388,20111
BRDA:388,7,0,2791
DA:393,17320
DA:394,17320
BRDA:394,8,0,1
DA:395,17319
BRDA:395,9,0,0
DA:396,17319
DA:398,17319
DA:400,17319
DA:401,17319
DA:402,17319
BRDA:402,10,0,0
DA:403,17319
BRDA:403,11,0,2791
DA:404,14528
BRDA:404,12,0,1863
DA:405,1863
DA:408,12665
DA:409,12665
BRDA:409,13,0,1754
DA:413,10911
BRDA:413,14,0,5581
DA:415,5330
DA:425,5328
DA:426,5328
BRDA:426,15,0,2790
DA:427,1642
BRDA:427,16,0,1642
DA:428,1642
DA:431,2538
DA:440,2538
DA:441,2538
BRDA:441,17,0,285
DA:442,285
DA:443,285
DA:445,285
DA:448,2538
DA:461,26252
FN:461,LicenseToken._consumeAuthorization
FNDA:26252,LicenseToken._consumeAuthorization
DA:469,26252
BRDA:469,18,0,2791
DA:470,2791
DA:472,2792
BRDA:472,19,0,2792
DA:473,2792
DA:475,20669
DA:477,20669
DA:481,20669
BRDA:481,20,0,1
DA:482,20668
DA:493,15085
FN:493,LicenseToken._issue
FNDA:15085,LicenseToken._issue
DA:497,15085
DA:499,12294
DA:500,12294
DA:501,12294
DA:503,12294
DA:504,12294
DA:505,12294
DA:507,12294
FNF:14
FNH:14
LF:86
LH:86
BRF:21
BRH:18
end_of_record
TN:
SF:src/SignatureChecker.sol
DA:49,21189
FN:49,SignatureChecker.requireValidSignature
FNDA:21189,SignatureChecker.requireValidSignature
DA:53,21189
BRDA:53,0,0,2
DA:57,2
DA:59,21187
BRDA:59,1,0,1
DA:61,21186
DA:62,21186
DA:63,21186
DA:65,21186
DA:66,21186
DA:67,21186
DA:70,21186
BRDA:70,2,0,1
DA:71,21185
BRDA:71,3,0,1
DA:73,21184
DA:74,21184
BRDA:74,4,0,130
DA:75,21054
BRDA:75,5,0,2922
DA:81,3
FN:81,SignatureChecker.isSupportedAccount
FNDA:3,SignatureChecker.isSupportedAccount
DA:82,3
FNF:2
FNH:2
LF:17
LH:17
BRF:6
BRH:6
end_of_record
